<?xml version="1.0" encoding="UTF-8"?>
<!-- Generated by org.testng.reporters.JUnitXMLReporter -->
<testsuite ignored="0" hostname="LIN76001689" failures="2" tests="2" name="Data from Json" time="38.178" errors="0" timestamp="2024-04-16T12:03:35 IST">
  <testcase classname="com.appiumtesting.DataFromJson" name="formPageUsingDataProvider" time="0.002">
    <failure type="java.lang.NullPointerException" message="The provided search context cannot be null">
      <![CDATA[java.lang.NullPointerException: The provided search context cannot be null
at com.google.common.base.Preconditions.checkNotNull(Preconditions.java:924)
at io.appium.java_client.pagefactory.AppiumFieldDecorator.requireWebDriverReference(AppiumFieldDecorator.java:129)
at io.appium.java_client.pagefactory.AppiumFieldDecorator.<init>(AppiumFieldDecorator.java:86)
at io.appium.java_client.pagefactory.AppiumFieldDecorator.<init>(AppiumFieldDecorator.java:100)
at com.appiumtesting.pageobject.FormPageObject.<init>(FormPageObject.java:24)
at com.appiumtesting.DataFromJson.formPageUsingDataProvider(DataFromJson.java:22)
at java.base/java.util.ArrayList.forEach(ArrayList.java:1511)
... Removed 27 stack frames]]>
    </failure>
  </testcase> <!-- formPageUsingDataProvider -->
  <testcase classname="com.appiumtesting.DataFromJson" name="formPageUsingDataProvider" time="0.002">
    <failure type="java.lang.NullPointerException" message="The provided search context cannot be null">
      <![CDATA[java.lang.NullPointerException: The provided search context cannot be null
at com.google.common.base.Preconditions.checkNotNull(Preconditions.java:924)
at io.appium.java_client.pagefactory.AppiumFieldDecorator.requireWebDriverReference(AppiumFieldDecorator.java:129)
at io.appium.java_client.pagefactory.AppiumFieldDecorator.<init>(AppiumFieldDecorator.java:86)
at io.appium.java_client.pagefactory.AppiumFieldDecorator.<init>(AppiumFieldDecorator.java:100)
at com.appiumtesting.pageobject.FormPageObject.<init>(FormPageObject.java:24)
at com.appiumtesting.DataFromJson.formPageUsingDataProvider(DataFromJson.java:22)
at java.base/java.util.ArrayList.forEach(ArrayList.java:1511)
... Removed 27 stack frames]]>
    </failure>
  </testcase> <!-- formPageUsingDataProvider -->
</testsuite> <!-- Data from Json -->
