<?xml version="1.0" encoding="UTF-8"?>
<!-- Generated by org.testng.reporters.JUnitXMLReporter -->
<testsuite ignored="0" hostname="LIN76001689" failures="0" tests="2" name="Data provider" time="137.242" errors="0" timestamp="2024-04-16T12:02:57 IST">
  <testcase classname="com.appiumtesting.DataProviderDemo" name="formPageUsingDataProvider" time="49.097"/>
  <testcase classname="com.appiumtesting.DataProviderDemo" name="formPageUsingDataProvider" time="48.993"/>
</testsuite> <!-- Data provider -->
